<?xml version="1.0" encoding="UTF-8"?>
<coverage generated="1771668889295" clover="3.2.0">
  <project timestamp="1771668889295" name="All files">
    <metrics statements="7" coveredstatements="0" conditionals="2" coveredconditionals="0" methods="3" coveredmethods="0" elements="12" coveredelements="0" complexity="0" loc="7" ncloc="7" packages="1" files="1" classes="1"/>
    <file name="Ship.js" path="/Users/shafaqanas/Desktop/battleship/src/Ship.js">
      <metrics statements="7" coveredstatements="0" conditionals="2" coveredconditionals="0" methods="3" coveredmethods="0"/>
      <line num="3" count="0" type="stmt"/>
      <line num="4" count="0" type="stmt"/>
      <line num="7" count="0" type="stmt"/>
      <line num="8" count="0" type="stmt"/>
      <line num="11" count="0" type="cond" truecount="0" falsecount="2"/>
      <line num="12" count="0" type="stmt"/>
      <line num="14" count="0" type="stmt"/>
    </file>
  </project>
</coverage>
